<?xml version="1.0" encoding="UTF-8"?>
<testsuites name="jest tests" tests="149" failures="0" errors="0" time="9.047">
  <testsuite name="Environment Variable Contract Tests" errors="0" failures="0" skipped="0" timestamp="2025-07-03T20:49:47" time="2.78" tests="7">
    <testcase classname="Environment Variable Contract Tests Stack-to-Lambda environment variable contract should pass ARNs consistently with clear naming" name="Environment Variable Contract Tests Stack-to-Lambda environment variable contract should pass ARNs consistently with clear naming" time="0.002">
    </testcase>
    <testcase classname="Environment Variable Contract Tests Config class ARN handling and conversion should extract bucket names from ARNs correctly" name="Environment Variable Contract Tests Config class ARN handling and conversion should extract bucket names from ARNs correctly" time="0">
    </testcase>
    <testcase classname="Environment Variable Contract Tests Config class ARN handling and conversion should handle Glue config with ARN inputs" name="Environment Variable Contract Tests Config class ARN handling and conversion should handle Glue config with ARN inputs" time="0.001">
    </testcase>
    <testcase classname="Environment Variable Contract Tests Config class ARN handling and conversion should handle S3Config with ARN inputs" name="Environment Variable Contract Tests Config class ARN handling and conversion should handle S3Config with ARN inputs" time="0">
    </testcase>
    <testcase classname="Environment Variable Contract Tests Environment variable usage in merge-tables handler should expect ARN-named environment variables" name="Environment Variable Contract Tests Environment variable usage in merge-tables handler should expect ARN-named environment variables" time="0">
    </testcase>
    <testcase classname="Environment Variable Contract Tests CDK stack environment variable output should pass bucket ARNs with clear variable names" name="Environment Variable Contract Tests CDK stack environment variable output should pass bucket ARNs with clear variable names" time="0">
    </testcase>
    <testcase classname="Environment Variable Contract Tests Method usage patterns should use appropriate methods for different operations" name="Environment Variable Contract Tests Method usage patterns should use appropriate methods for different operations" time="0">
    </testcase>
  </testsuite>
  <testsuite name="Config" errors="0" failures="0" skipped="0" timestamp="2025-07-03T20:49:47" time="2.802" tests="17">
    <testcase classname="Config Config constructor with ARN inputs should load configuration from provided ARN values" name="Config Config constructor with ARN inputs should load configuration from provided ARN values" time="0.002">
    </testcase>
    <testcase classname="Config Config constructor with ARN inputs should default to empty strings when no values provided" name="Config Config constructor with ARN inputs should default to empty strings when no values provided" time="0">
    </testcase>
    <testcase classname="Config Config constructor with ARN inputs should correctly interpret environment variables" name="Config Config constructor with ARN inputs should correctly interpret environment variables" time="0.001">
    </testcase>
    <testcase classname="Config ARN parsing utilities should extract bucket name from S3 bucket ARN" name="Config ARN parsing utilities should extract bucket name from S3 bucket ARN" time="0">
    </testcase>
    <testcase classname="Config ARN parsing utilities should extract bucket name from S3 Tables ARN" name="Config ARN parsing utilities should extract bucket name from S3 Tables ARN" time="0">
    </testcase>
    <testcase classname="Config ARN parsing utilities should handle non-ARN strings (pass through)" name="Config ARN parsing utilities should handle non-ARN strings (pass through)" time="0">
    </testcase>
    <testcase classname="Config Glue Config should provide correct bucket methods for Glue mode" name="Config Glue Config should provide correct bucket methods for Glue mode" time="0">
    </testcase>
    <testcase classname="Config Glue Config should use Glue database for read and write operations" name="Config Glue Config should use Glue database for read and write operations" time="0">
    </testcase>
    <testcase classname="Config Glue Config should provide database-only execution context" name="Config Glue Config should provide database-only execution context" time="0">
    </testcase>
    <testcase classname="Config S3Config should provide correct bucket methods for S3 Tables mode" name="Config S3Config should provide correct bucket methods for S3 Tables mode" time="0">
    </testcase>
    <testcase classname="Config S3Config should use different databases for read vs write operations" name="Config S3Config should use different databases for read vs write operations" time="0">
    </testcase>
    <testcase classname="Config S3Config should format S3 Tables catalog name correctly" name="Config S3Config should format S3 Tables catalog name correctly" time="0">
    </testcase>
    <testcase classname="Config S3Config should provide catalog and database execution context" name="Config S3Config should provide catalog and database execution context" time="0.001">
    </testcase>
    <testcase classname="Config Config factory method should create Config instance when USE_S3_TABLE=false" name="Config Config factory method should create Config instance when USE_S3_TABLE=false" time="0">
    </testcase>
    <testcase classname="Config Config factory method should create S3Config instance when USE_S3_TABLE=true" name="Config Config factory method should create S3Config instance when USE_S3_TABLE=true" time="0">
    </testcase>
    <testcase classname="Config Config factory method should default to Config when USE_S3_TABLE not set" name="Config Config factory method should default to Config when USE_S3_TABLE not set" time="0">
    </testcase>
    <testcase classname="Config Table name utilities should extract source bucket from table names" name="Config Table name utilities should extract source bucket from table names" time="0">
    </testcase>
  </testsuite>
  <testsuite name="Table Schema Configuration" errors="0" failures="0" skipped="0" timestamp="2025-07-03T20:49:47" time="2.894" tests="7">
    <testcase classname="Table Schema Configuration Glue mode (default) should generate CREATE TABLE with WITH clause by default" name="Table Schema Configuration Glue mode (default) should generate CREATE TABLE with WITH clause by default" time="0.007">
    </testcase>
    <testcase classname="Table Schema Configuration Glue mode (default) should generate CREATE TABLE with WITH clause when explicitly disabled" name="Table Schema Configuration Glue mode (default) should generate CREATE TABLE with WITH clause when explicitly disabled" time="0">
    </testcase>
    <testcase classname="Table Schema Configuration S3 Tables mode should generate CREATE TABLE with partitioning when S3 Tables mode enabled" name="Table Schema Configuration S3 Tables mode should generate CREATE TABLE with partitioning when S3 Tables mode enabled" time="0.001">
    </testcase>
    <testcase classname="Table Schema Configuration Schema generation should correctly combine base schema with partitioning clause for S3 Tables" name="Table Schema Configuration Schema generation should correctly combine base schema with partitioning clause for S3 Tables" time="0">
    </testcase>
    <testcase classname="Table Schema Configuration Schema generation should return schema with WITH clause for Glue mode" name="Table Schema Configuration Schema generation should return schema with WITH clause for Glue mode" time="0.001">
    </testcase>
    <testcase classname="Table Schema Configuration Schema generation should handle default static property as Glue mode" name="Table Schema Configuration Schema generation should handle default static property as Glue mode" time="0">
    </testcase>
    <testcase classname="Table Schema Configuration Schema generation should correctly generate S3 Tables with partitions but no WITH clause" name="Table Schema Configuration Schema generation should correctly generate S3 Tables with partitions but no WITH clause" time="0.001">
    </testcase>
  </testsuite>
  <testsuite name="Package Tables" errors="0" failures="0" skipped="0" timestamp="2025-07-03T20:49:47" time="2.896" tests="21">
    <testcase classname="Package Tables PackageRevisionTable configuration validation should distinguish between Glue API success and Athena API failure" name="Package Tables PackageRevisionTable configuration validation should distinguish between Glue API success and Athena API failure" time="0.007">
    </testcase>
    <testcase classname="Package Tables PackageRevisionTable ensureExists should skip creation when table already exists" name="Package Tables PackageRevisionTable ensureExists should skip creation when table already exists" time="0.002">
    </testcase>
    <testcase classname="Package Tables PackageRevisionTable ensureExists should skip Glue table creation (lazy creation)" name="Package Tables PackageRevisionTable ensureExists should skip Glue table creation (lazy creation)" time="0.015">
    </testcase>
    <testcase classname="Package Tables PackageRevisionTable ensureExists should create S3 table immediately when it does not exist" name="Package Tables PackageRevisionTable ensureExists should create S3 table immediately when it does not exist" time="0.002">
    </testcase>
    <testcase classname="Package Tables PackageRevisionTable generateInsertQuery should generate correct INSERT query" name="Package Tables PackageRevisionTable generateInsertQuery should generate correct INSERT query" time="0">
    </testcase>
    <testcase classname="Package Tables PackageRevisionTable insert should execute insert without checking table existence" name="Package Tables PackageRevisionTable insert should execute insert without checking table existence" time="0.001">
    </testcase>
    <testcase classname="Package Tables PackageRevisionTable insert should execute regular insert for S3 tables without checking table existence" name="Package Tables PackageRevisionTable insert should execute regular insert for S3 tables without checking table existence" time="0.001">
    </testcase>
    <testcase classname="Package Tables PackageTagTable configuration validation should distinguish between Glue API success and Athena API failure" name="Package Tables PackageTagTable configuration validation should distinguish between Glue API success and Athena API failure" time="0.001">
    </testcase>
    <testcase classname="Package Tables PackageTagTable ensureExists should skip creation when table already exists" name="Package Tables PackageTagTable ensureExists should skip creation when table already exists" time="0.001">
    </testcase>
    <testcase classname="Package Tables PackageTagTable ensureExists should skip Glue table creation (lazy creation)" name="Package Tables PackageTagTable ensureExists should skip Glue table creation (lazy creation)" time="0">
    </testcase>
    <testcase classname="Package Tables PackageTagTable ensureExists should create S3 table immediately when it does not exist" name="Package Tables PackageTagTable ensureExists should create S3 table immediately when it does not exist" time="0.001">
    </testcase>
    <testcase classname="Package Tables PackageTagTable generateInsertQuery should generate correct INSERT query" name="Package Tables PackageTagTable generateInsertQuery should generate correct INSERT query" time="0.001">
    </testcase>
    <testcase classname="Package Tables PackageTagTable insert should execute insert without checking table existence" name="Package Tables PackageTagTable insert should execute insert without checking table existence" time="0.001">
    </testcase>
    <testcase classname="Package Tables PackageTagTable insert should execute regular insert for S3 tables without checking table existence" name="Package Tables PackageTagTable insert should execute regular insert for S3 tables without checking table existence" time="0">
    </testcase>
    <testcase classname="Package Tables PackageEntryTable configuration validation should distinguish between Glue API success and Athena API failure" name="Package Tables PackageEntryTable configuration validation should distinguish between Glue API success and Athena API failure" time="0.001">
    </testcase>
    <testcase classname="Package Tables PackageEntryTable ensureExists should skip creation when table already exists" name="Package Tables PackageEntryTable ensureExists should skip creation when table already exists" time="0.001">
    </testcase>
    <testcase classname="Package Tables PackageEntryTable ensureExists should skip Glue table creation (lazy creation)" name="Package Tables PackageEntryTable ensureExists should skip Glue table creation (lazy creation)" time="0">
    </testcase>
    <testcase classname="Package Tables PackageEntryTable ensureExists should create S3 table immediately when it does not exist" name="Package Tables PackageEntryTable ensureExists should create S3 table immediately when it does not exist" time="0.001">
    </testcase>
    <testcase classname="Package Tables PackageEntryTable generateInsertQuery should generate correct INSERT query" name="Package Tables PackageEntryTable generateInsertQuery should generate correct INSERT query" time="0">
    </testcase>
    <testcase classname="Package Tables PackageEntryTable insert should execute insert without checking table existence" name="Package Tables PackageEntryTable insert should execute insert without checking table existence" time="0.001">
    </testcase>
    <testcase classname="Package Tables PackageEntryTable insert should execute regular insert for S3 tables without checking table existence" name="Package Tables PackageEntryTable insert should execute regular insert for S3 tables without checking table existence" time="0.001">
    </testcase>
  </testsuite>
  <testsuite name="Schema Validation Tests" errors="0" failures="0" skipped="0" timestamp="2025-07-03T20:49:47" time="2.913" tests="18">
    <testcase classname="Schema Validation Tests S3 Tables - CREATE TABLE Operations package_revision S3 CREATE TABLE should generate correct S3 CREATE TABLE schema matching schema.sql" name="Schema Validation Tests S3 Tables - CREATE TABLE Operations package_revision S3 CREATE TABLE should generate correct S3 CREATE TABLE schema matching schema.sql" time="0.031">
    </testcase>
    <testcase classname="Schema Validation Tests S3 Tables - CREATE TABLE Operations package_tag S3 CREATE TABLE should generate correct S3 CREATE TABLE schema matching schema.sql" name="Schema Validation Tests S3 Tables - CREATE TABLE Operations package_tag S3 CREATE TABLE should generate correct S3 CREATE TABLE schema matching schema.sql" time="0.002">
    </testcase>
    <testcase classname="Schema Validation Tests S3 Tables - CREATE TABLE Operations package_entry S3 CREATE TABLE should generate correct S3 CREATE TABLE schema matching schema.sql" name="Schema Validation Tests S3 Tables - CREATE TABLE Operations package_entry S3 CREATE TABLE should generate correct S3 CREATE TABLE schema matching schema.sql" time="0.002">
    </testcase>
    <testcase classname="Schema Validation Tests Glue Tables - CREATE TABLE AS SELECT (CTAS) Operations package_revision Glue CTAS should generate correct Glue CTAS query matching schema.sql patterns" name="Schema Validation Tests Glue Tables - CREATE TABLE AS SELECT (CTAS) Operations package_revision Glue CTAS should generate correct Glue CTAS query matching schema.sql patterns" time="0.001">
    </testcase>
    <testcase classname="Schema Validation Tests Glue Tables - CREATE TABLE AS SELECT (CTAS) Operations package_tag Glue CTAS should generate correct Glue CTAS query matching schema.sql patterns" name="Schema Validation Tests Glue Tables - CREATE TABLE AS SELECT (CTAS) Operations package_tag Glue CTAS should generate correct Glue CTAS query matching schema.sql patterns" time="0">
    </testcase>
    <testcase classname="Schema Validation Tests Glue Tables - CREATE TABLE AS SELECT (CTAS) Operations package_entry Glue CTAS should generate correct Glue CTAS query matching schema.sql patterns" name="Schema Validation Tests Glue Tables - CREATE TABLE AS SELECT (CTAS) Operations package_entry Glue CTAS should generate correct Glue CTAS query matching schema.sql patterns" time="0.001">
    </testcase>
    <testcase classname="Schema Validation Tests S3 Tables - INSERT Operations package_revision S3 INSERT should generate INSERT SQL matching schema.sql patterns" name="Schema Validation Tests S3 Tables - INSERT Operations package_revision S3 INSERT should generate INSERT SQL matching schema.sql patterns" time="0.002">
    </testcase>
    <testcase classname="Schema Validation Tests S3 Tables - INSERT Operations package_tag S3 INSERT should generate INSERT SQL matching schema.sql patterns" name="Schema Validation Tests S3 Tables - INSERT Operations package_tag S3 INSERT should generate INSERT SQL matching schema.sql patterns" time="0.001">
    </testcase>
    <testcase classname="Schema Validation Tests S3 Tables - INSERT Operations package_entry S3 INSERT should generate INSERT SQL matching schema.sql patterns" name="Schema Validation Tests S3 Tables - INSERT Operations package_entry S3 INSERT should generate INSERT SQL matching schema.sql patterns" time="0.002">
    </testcase>
    <testcase classname="Schema Validation Tests Glue Tables - INSERT Operations package_revision Glue INSERT should generate INSERT SQL matching schema.sql patterns" name="Schema Validation Tests Glue Tables - INSERT Operations package_revision Glue INSERT should generate INSERT SQL matching schema.sql patterns" time="0">
    </testcase>
    <testcase classname="Schema Validation Tests Glue Tables - INSERT Operations package_tag Glue INSERT should generate INSERT SQL matching schema.sql patterns" name="Schema Validation Tests Glue Tables - INSERT Operations package_tag Glue INSERT should generate INSERT SQL matching schema.sql patterns" time="0.001">
    </testcase>
    <testcase classname="Schema Validation Tests Glue Tables - INSERT Operations package_entry Glue INSERT should generate INSERT SQL matching schema.sql patterns" name="Schema Validation Tests Glue Tables - INSERT Operations package_entry Glue INSERT should generate INSERT SQL matching schema.sql patterns" time="0">
    </testcase>
    <testcase classname="Schema Validation Tests DROP TABLE Operations should generate correct DROP statements for Glue tables matching schema.sql patterns" name="Schema Validation Tests DROP TABLE Operations should generate correct DROP statements for Glue tables matching schema.sql patterns" time="0.001">
    </testcase>
    <testcase classname="Schema Validation Tests DROP TABLE Operations should generate correct DROP statements for S3 tables matching schema.sql patterns" name="Schema Validation Tests DROP TABLE Operations should generate correct DROP statements for S3 tables matching schema.sql patterns" time="0">
    </testcase>
    <testcase classname="Schema Validation Tests Schema Structure Validation should have consistent schema between S3 and Glue configurations" name="Schema Validation Tests Schema Structure Validation should have consistent schema between S3 and Glue configurations" time="0.001">
    </testcase>
    <testcase classname="Schema Validation Tests Schema Structure Validation should validate multihash generation patterns match schema.sql" name="Schema Validation Tests Schema Structure Validation should validate multihash generation patterns match schema.sql" time="0.001">
    </testcase>
    <testcase classname="Schema Validation Tests Schema Structure Validation should validate source table formatting flexibility" name="Schema Validation Tests Schema Structure Validation should validate source table formatting flexibility" time="0">
    </testcase>
    <testcase classname="Schema Validation Tests Schema Structure Validation should validate all tables support proper JOIN conditions for data integrity" name="Schema Validation Tests Schema Structure Validation should validate all tables support proper JOIN conditions for data integrity" time="0">
    </testcase>
  </testsuite>
  <testsuite name="TableManager" errors="0" failures="0" skipped="0" timestamp="2025-07-03T20:49:46" time="2.969" tests="10">
    <testcase classname="TableManager ensureTablesExist should create revision and tag tables when packages view exists" name="TableManager ensureTablesExist should create revision and tag tables when packages view exists" time="0.023">
    </testcase>
    <testcase classname="TableManager ensureTablesExist should configure S3 Tables mode when useS3Table=true" name="TableManager ensureTablesExist should configure S3 Tables mode when useS3Table=true" time="0.003">
    </testcase>
    <testcase classname="TableManager ensureTablesExist should create entry table when objects view exists" name="TableManager ensureTablesExist should create entry table when objects view exists" time="0.002">
    </testcase>
    <testcase classname="TableManager ensureTablesExist should not create any tables when no relevant views exist" name="TableManager ensureTablesExist should not create any tables when no relevant views exist" time="0.002">
    </testcase>
    <testcase classname="TableManager error handling should handle errors when creating package_revision table" name="TableManager error handling should handle errors when creating package_revision table" time="0.008">
    </testcase>
    <testcase classname="TableManager error handling should handle errors when creating package_tag table" name="TableManager error handling should handle errors when creating package_tag table" time="0.004">
    </testcase>
    <testcase classname="TableManager error handling should handle errors when creating package_entry table" name="TableManager error handling should handle errors when creating package_entry table" time="0.004">
    </testcase>
    <testcase classname="TableManager executeInserts should handle errors during table insertion operations" name="TableManager executeInserts should handle errors during table insertion operations" time="0.002">
    </testcase>
    <testcase classname="TableManager executeInserts should handle complete table processing failures" name="TableManager executeInserts should handle complete table processing failures" time="0.002">
    </testcase>
    <testcase classname="TableManager executeInserts should skip tables that don&apos;t match expected patterns" name="TableManager executeInserts should skip tables that don&apos;t match expected patterns" time="0.001">
    </testcase>
  </testsuite>
  <testsuite name="merge-tables lambda" errors="0" failures="0" skipped="0" timestamp="2025-07-03T20:49:47" time="3.074" tests="22">
    <testcase classname="merge-tables lambda Mode-specific behavior should throw error if environment variables are missing" name="merge-tables lambda Mode-specific behavior should throw error if environment variables are missing" time="0.034">
    </testcase>
    <testcase classname="merge-tables lambda Mode-specific behavior should configure S3 Tables mode when USE_S3_TABLE=true" name="merge-tables lambda Mode-specific behavior should configure S3 Tables mode when USE_S3_TABLE=true" time="0.017">
    </testcase>
    <testcase classname="merge-tables lambda Mode-specific behavior should configure Glue mode when USE_S3_TABLE=false" name="merge-tables lambda Mode-specific behavior should configure Glue mode when USE_S3_TABLE=false" time="0.009">
    </testcase>
    <testcase classname="merge-tables lambda Mode-specific behavior should default to Glue mode when USE_S3_TABLE is undefined" name="merge-tables lambda Mode-specific behavior should default to Glue mode when USE_S3_TABLE is undefined" time="0.01">
    </testcase>
    <testcase classname="merge-tables lambda should handle empty table list gracefully" name="merge-tables lambda should handle empty table list gracefully" time="0.012">
    </testcase>
    <testcase classname="merge-tables lambda should successfully merge S3-backed tables" name="merge-tables lambda should successfully merge S3-backed tables" time="0.011">
    </testcase>
    <testcase classname="merge-tables lambda bucket-based filtering should handle EventBridge events with bucket filtering" name="merge-tables lambda bucket-based filtering should handle EventBridge events with bucket filtering" time="0.006">
    </testcase>
    <testcase classname="merge-tables lambda bucket-based filtering should handle invalid bucket gracefully" name="merge-tables lambda bucket-based filtering should handle invalid bucket gracefully" time="0.004">
    </testcase>
    <testcase classname="merge-tables lambda should respect custom timeout configuration" name="merge-tables lambda should respect custom timeout configuration" time="0.004">
    </testcase>
    <testcase classname="merge-tables lambda should handle Athena query failures gracefully" name="merge-tables lambda should handle Athena query failures gracefully" time="0.009">
    </testcase>
    <testcase classname="merge-tables lambda S3Config-specific behavior should use S3Config methods for database and bucket configuration" name="merge-tables lambda S3Config-specific behavior should use S3Config methods for database and bucket configuration" time="0.012">
    </testcase>
    <testcase classname="merge-tables lambda S3Config-specific behavior should use S3Config getExecutionContext with Catalog parameter" name="merge-tables lambda S3Config-specific behavior should use S3Config getExecutionContext with Catalog parameter" time="0.015">
    </testcase>
    <testcase classname="merge-tables lambda S3Config-specific behavior should generate S3-specific table creation queries with PARTITIONED BY" name="merge-tables lambda S3Config-specific behavior should generate S3-specific table creation queries with PARTITIONED BY" time="0.008">
    </testcase>
    <testcase classname="merge-tables lambda S3Config-specific behavior should use S3Config getResultsBucket for Athena results location" name="merge-tables lambda S3Config-specific behavior should use S3Config getResultsBucket for Athena results location" time="0.009">
    </testcase>
    <testcase classname="merge-tables lambda S3Config-specific behavior should handle S3Config mode differences from Glue mode" name="merge-tables lambda S3Config-specific behavior should handle S3Config mode differences from Glue mode" time="0.008">
    </testcase>
    <testcase classname="merge-tables lambda first run sentinel file handling should handle first run when sentinel file doesn&apos;t exist" name="merge-tables lambda first run sentinel file handling should handle first run when sentinel file doesn&apos;t exist" time="0.007">
    </testcase>
    <testcase classname="merge-tables lambda error handling scenarios should handle errors during table ensure operations" name="merge-tables lambda error handling scenarios should handle errors during table ensure operations" time="0.011">
    </testcase>
    <testcase classname="merge-tables lambda error handling scenarios should detect and handle S3 access errors" name="merge-tables lambda error handling scenarios should detect and handle S3 access errors" time="0.016">
    </testcase>
    <testcase classname="merge-tables lambda error handling scenarios should detect and handle S3 AccessDenied errors" name="merge-tables lambda error handling scenarios should detect and handle S3 AccessDenied errors" time="0.007">
    </testcase>
    <testcase classname="merge-tables lambda error handling scenarios should detect and handle S3 no such bucket errors" name="merge-tables lambda error handling scenarios should detect and handle S3 no such bucket errors" time="0.006">
    </testcase>
    <testcase classname="merge-tables lambda error handling scenarios should detect and handle S3 forbidden errors" name="merge-tables lambda error handling scenarios should detect and handle S3 forbidden errors" time="0.007">
    </testcase>
    <testcase classname="merge-tables lambda error handling scenarios should detect and handle HTTP 403 errors" name="merge-tables lambda error handling scenarios should detect and handle HTTP 403 errors" time="0.008">
    </testcase>
  </testsuite>
  <testsuite name="AthenaUtils" errors="0" failures="0" skipped="0" timestamp="2025-07-03T20:49:47" time="6.971" tests="28">
    <testcase classname="AthenaUtils tableExists should return true when table exists" name="AthenaUtils tableExists should return true when table exists" time="0.022">
    </testcase>
    <testcase classname="AthenaUtils tableExists should return true when table exists with specified database" name="AthenaUtils tableExists should return true when table exists with specified database" time="0.004">
    </testcase>
    <testcase classname="AthenaUtils tableExists should return false when table does not exist" name="AthenaUtils tableExists should return false when table does not exist" time="0.002">
    </testcase>
    <testcase classname="AthenaUtils tableExists should handle undefined TableList" name="AthenaUtils tableExists should handle undefined TableList" time="0.003">
    </testcase>
    <testcase classname="AthenaUtils waitForQueryCompletion should resolve when query succeeds" name="AthenaUtils waitForQueryCompletion should resolve when query succeeds" time="0.001">
    </testcase>
    <testcase classname="AthenaUtils waitForQueryCompletion should reject when query fails" name="AthenaUtils waitForQueryCompletion should reject when query fails" time="0.005">
    </testcase>
    <testcase classname="AthenaUtils waitForQueryCompletion should reject when query is cancelled" name="AthenaUtils waitForQueryCompletion should reject when query is cancelled" time="0.002">
    </testcase>
    <testcase classname="AthenaUtils waitForQueryCompletion should timeout after max attempts" name="AthenaUtils waitForQueryCompletion should timeout after max attempts" time="4.007">
    </testcase>
    <testcase classname="AthenaUtils executeQuery should execute query successfully with Glue config" name="AthenaUtils executeQuery should execute query successfully with Glue config" time="0.004">
    </testcase>
    <testcase classname="AthenaUtils executeQuery should execute query successfully with S3 config" name="AthenaUtils executeQuery should execute query successfully with S3 config" time="0.004">
    </testcase>
    <testcase classname="AthenaUtils executeQuery should handle missing QueryExecutionId" name="AthenaUtils executeQuery should handle missing QueryExecutionId" time="0.005">
    </testcase>
    <testcase classname="AthenaUtils getAllTables should return all tables with pagination" name="AthenaUtils getAllTables should return all tables with pagination" time="0.002">
    </testcase>
    <testcase classname="AthenaUtils getAllTables should handle empty table list" name="AthenaUtils getAllTables should handle empty table list" time="0.002">
    </testcase>
    <testcase classname="AthenaUtils dropAllTitanicTables should drop all tables when they exist with correct database context" name="AthenaUtils dropAllTitanicTables should drop all tables when they exist with correct database context" time="0.008">
    </testcase>
    <testcase classname="AthenaUtils dropAllTitanicTables should use write database when no database specified" name="AthenaUtils dropAllTitanicTables should use write database when no database specified" time="0.005">
    </testcase>
    <testcase classname="AthenaUtils dropAllTitanicTables should skip dropping tables when they don&apos;t exist" name="AthenaUtils dropAllTitanicTables should skip dropping tables when they don&apos;t exist" time="0.004">
    </testcase>
    <testcase classname="AthenaUtils dropAllTitanicTables should handle errors when dropping tables" name="AthenaUtils dropAllTitanicTables should handle errors when dropping tables" time="0.007">
    </testcase>
    <testcase classname="AthenaUtils S3Config-specific tests should use S3Config getWriteDatabaseName for S3 operations" name="AthenaUtils S3Config-specific tests should use S3Config getWriteDatabaseName for S3 operations" time="0.001">
    </testcase>
    <testcase classname="AthenaUtils S3Config-specific tests should use S3Config getTablesBucket for S3 table storage" name="AthenaUtils S3Config-specific tests should use S3Config getTablesBucket for S3 table storage" time="0.002">
    </testcase>
    <testcase classname="AthenaUtils S3Config-specific tests should use S3Config getResultsBucket for Athena results" name="AthenaUtils S3Config-specific tests should use S3Config getResultsBucket for Athena results" time="0.001">
    </testcase>
    <testcase classname="AthenaUtils S3Config-specific tests should use S3Config getS3TableCatalogName for catalog operations" name="AthenaUtils S3Config-specific tests should use S3Config getS3TableCatalogName for catalog operations" time="0.001">
    </testcase>
    <testcase classname="AthenaUtils S3Config-specific tests should generate different createTableQuery for S3Config vs Config" name="AthenaUtils S3Config-specific tests should generate different createTableQuery for S3Config vs Config" time="0.002">
    </testcase>
    <testcase classname="AthenaUtils S3Config-specific tests should provide different execution contexts for S3Config vs Config" name="AthenaUtils S3Config-specific tests should provide different execution contexts for S3Config vs Config" time="0.001">
    </testcase>
    <testcase classname="AthenaUtils S3Config-specific tests should execute queries with S3Config execution context including catalog" name="AthenaUtils S3Config-specific tests should execute queries with S3Config execution context including catalog" time="0.003">
    </testcase>
    <testcase classname="AthenaUtils S3Config-specific tests should use S3Config getReadDatabaseName consistently" name="AthenaUtils S3Config-specific tests should use S3Config getReadDatabaseName consistently" time="0.001">
    </testcase>
    <testcase classname="AthenaUtils S3Config-specific tests should handle tableExists with S3Config database overrides" name="AthenaUtils S3Config-specific tests should handle tableExists with S3Config database overrides" time="0.002">
    </testcase>
    <testcase classname="AthenaUtils S3Config-specific tests should handle dropTableQuery identically for both configs" name="AthenaUtils S3Config-specific tests should handle dropTableQuery identically for both configs" time="0.002">
    </testcase>
    <testcase classname="AthenaUtils S3Config-specific tests should extract source bucket names consistently for both config types" name="AthenaUtils S3Config-specific tests should extract source bucket names consistently for both config types" time="0.001">
    </testcase>
  </testsuite>
  <testsuite name="TitanicStack" errors="0" failures="0" skipped="0" timestamp="2025-07-03T20:49:47" time="8.718" tests="19">
    <testcase classname="TitanicStack Shared functionality (mode-independent) Glue mode should create regular S3 bucket with correct properties" name="TitanicStack Shared functionality (mode-independent) Glue mode should create regular S3 bucket with correct properties" time="0.002">
    </testcase>
    <testcase classname="TitanicStack Shared functionality (mode-independent) Glue mode should create EventBridge rule with correct event pattern" name="TitanicStack Shared functionality (mode-independent) Glue mode should create EventBridge rule with correct event pattern" time="0.001">
    </testcase>
    <testcase classname="TitanicStack Shared functionality (mode-independent) Glue mode should grant required Athena permissions" name="TitanicStack Shared functionality (mode-independent) Glue mode should grant required Athena permissions" time="0.001">
    </testcase>
    <testcase classname="TitanicStack Shared functionality (mode-independent) Glue mode should grant required Glue permissions" name="TitanicStack Shared functionality (mode-independent) Glue mode should grant required Glue permissions" time="0">
    </testcase>
    <testcase classname="TitanicStack Shared functionality (mode-independent) Glue mode should grant S3 bucket location permissions" name="TitanicStack Shared functionality (mode-independent) Glue mode should grant S3 bucket location permissions" time="0.001">
    </testcase>
    <testcase classname="TitanicStack Shared functionality (mode-independent) S3 Tables mode should create regular S3 bucket with correct properties" name="TitanicStack Shared functionality (mode-independent) S3 Tables mode should create regular S3 bucket with correct properties" time="0">
    </testcase>
    <testcase classname="TitanicStack Shared functionality (mode-independent) S3 Tables mode should create EventBridge rule with correct event pattern" name="TitanicStack Shared functionality (mode-independent) S3 Tables mode should create EventBridge rule with correct event pattern" time="0">
    </testcase>
    <testcase classname="TitanicStack Shared functionality (mode-independent) S3 Tables mode should grant required Athena permissions" name="TitanicStack Shared functionality (mode-independent) S3 Tables mode should grant required Athena permissions" time="0">
    </testcase>
    <testcase classname="TitanicStack Shared functionality (mode-independent) S3 Tables mode should grant required Glue permissions" name="TitanicStack Shared functionality (mode-independent) S3 Tables mode should grant required Glue permissions" time="0">
    </testcase>
    <testcase classname="TitanicStack Shared functionality (mode-independent) S3 Tables mode should grant S3 bucket location permissions" name="TitanicStack Shared functionality (mode-independent) S3 Tables mode should grant S3 bucket location permissions" time="0">
    </testcase>
    <testcase classname="TitanicStack Shared functionality (mode-independent) should support custom Lambda timeout configuration" name="TitanicStack Shared functionality (mode-independent) should support custom Lambda timeout configuration" time="0.887">
    </testcase>
    <testcase classname="TitanicStack Glue mode (default) should create both regular S3 bucket and S3 Tables bucket" name="TitanicStack Glue mode (default) should create both regular S3 bucket and S3 Tables bucket" time="0">
    </testcase>
    <testcase classname="TitanicStack Glue mode (default) should not create Glue database (assumes database already exists)" name="TitanicStack Glue mode (default) should not create Glue database (assumes database already exists)" time="0">
    </testcase>
    <testcase classname="TitanicStack Glue mode (default) should configure Lambda function with Glue-specific settings" name="TitanicStack Glue mode (default) should configure Lambda function with Glue-specific settings" time="0">
    </testcase>
    <testcase classname="TitanicStack Glue mode (default) Database name usage should use the database name provided in QUILT_DATABASE_NAME environment variable" name="TitanicStack Glue mode (default) Database name usage should use the database name provided in QUILT_DATABASE_NAME environment variable" time="0.916">
    </testcase>
    <testcase classname="TitanicStack Glue mode (default) Database name usage should throw error if QUILT_DATABASE_NAME not set" name="TitanicStack Glue mode (default) Database name usage should throw error if QUILT_DATABASE_NAME not set" time="0.007">
    </testcase>
    <testcase classname="TitanicStack S3 Tables mode should create S3 TableBucket in addition to regular S3 bucket" name="TitanicStack S3 Tables mode should create S3 TableBucket in addition to regular S3 bucket" time="0">
    </testcase>
    <testcase classname="TitanicStack S3 Tables mode should configure Lambda function with S3 Tables-specific settings" name="TitanicStack S3 Tables mode should configure Lambda function with S3 Tables-specific settings" time="0">
    </testcase>
    <testcase classname="TitanicStack S3 Tables mode should grant required S3 Tables permissions" name="TitanicStack S3 Tables mode should grant required S3 Tables permissions" time="0.001">
    </testcase>
  </testsuite>
</testsuites>